Removed Pin From Net: NetName=V170 Pin=Nixie1-1
Removed Pin From Net: NetName=V170 Pin=Nixie2-1
Removed Pin From Net: NetName=V170 Pin=Nixie3-1
Removed Pin From Net: NetName=V170 Pin=Nixie4-1
Removed Pin From Net: NetName=V170 Pin=Nixie5-1
Removed Pin From Net: NetName=V170 Pin=Nixie6-1
Removed Pin From Net: NetName=V170 Pin=Nixie7-1
Removed Pin From Net: NetName=V170 Pin=Nixie8-1
Added Component: Designator=R1(R0805)
Added Component: Designator=R2(R0805)
Added Component: Designator=R3(R0805)
Added Component: Designator=R4(R0805)
Added Component: Designator=R5(R0805)
Added Component: Designator=R6(R0805)
Added Component: Designator=R7(R0805)
Added Component: Designator=R8(R0805)
Added Pin To Net: NetName=V170 Pin=R1-1
Added Pin To Net: NetName=V170 Pin=R2-1
Added Pin To Net: NetName=V170 Pin=R3-1
Added Pin To Net: NetName=V170 Pin=R4-1
Added Pin To Net: NetName=V170 Pin=R5-1
Added Pin To Net: NetName=V170 Pin=R6-1
Added Pin To Net: NetName=V170 Pin=R7-1
Added Pin To Net: NetName=V170 Pin=R8-1
Added Pin To Net: NetName=NetNixie1_1 Pin=Nixie1-1
Added Pin To Net: NetName=NetNixie1_1 Pin=R1-2
Added Net: Name=NetNixie1_1
Added Pin To Net: NetName=NetNixie2_1 Pin=Nixie2-1
Added Pin To Net: NetName=NetNixie2_1 Pin=R2-2
Added Net: Name=NetNixie2_1
Added Pin To Net: NetName=NetNixie3_1 Pin=Nixie3-1
Added Pin To Net: NetName=NetNixie3_1 Pin=R3-2
Added Net: Name=NetNixie3_1
Added Pin To Net: NetName=NetNixie4_1 Pin=Nixie4-1
Added Pin To Net: NetName=NetNixie4_1 Pin=R4-2
Added Net: Name=NetNixie4_1
Added Pin To Net: NetName=NetNixie5_1 Pin=Nixie5-1
Added Pin To Net: NetName=NetNixie5_1 Pin=R5-2
Added Net: Name=NetNixie5_1
Added Pin To Net: NetName=NetNixie6_1 Pin=Nixie6-1
Added Pin To Net: NetName=NetNixie6_1 Pin=R6-2
Added Net: Name=NetNixie6_1
Added Pin To Net: NetName=NetNixie7_1 Pin=Nixie7-1
Added Pin To Net: NetName=NetNixie7_1 Pin=R7-2
Added Net: Name=NetNixie7_1
Added Pin To Net: NetName=NetNixie8_1 Pin=Nixie8-1
Added Pin To Net: NetName=NetNixie8_1 Pin=R8-2
Added Net: Name=NetNixie8_1
Added Member To Class: ClassName=Sheet1 Member=Component R1 1K
Added Member To Class: ClassName=Sheet1 Member=Component R2 1K
Added Member To Class: ClassName=Sheet1 Member=Component R3 1K
Added Member To Class: ClassName=Sheet1 Member=Component R4 1K
Added Member To Class: ClassName=Sheet1 Member=Component R5 1K
Added Member To Class: ClassName=Sheet1 Member=Component R6 1K
Added Member To Class: ClassName=Sheet1 Member=Component R7 1K
Added Member To Class: ClassName=Sheet1 Member=Component R8 1K
Added Room: Name=Sheet1
