Removed Pin From Net: NetName=GND Pin=Q1-1
Removed Pin From Net: NetName=GND Pin=Q2-1
Removed Pin From Net: NetName=GND Pin=Q3-1
Removed Pin From Net: NetName=GND Pin=Q4-1
Removed Pin From Net: NetName=GND Pin=Q5-1
Removed Pin From Net: NetName=GND Pin=Q6-1
Removed Pin From Net: NetName=GND Pin=Q7-1
Removed Pin From Net: NetName=GND Pin=Q8-1
Change Component DesignItemId : Designator=Q1 Old DesignItemId=NPN New DesignItemId=8050-NPN
Change Component DesignItemId : Designator=Q2 Old DesignItemId=NPN New DesignItemId=8050-NPN
Change Component DesignItemId : Designator=Q3 Old DesignItemId=NPN New DesignItemId=8050-NPN
Change Component DesignItemId : Designator=Q4 Old DesignItemId=NPN New DesignItemId=8050-NPN
Change Component DesignItemId : Designator=Q5 Old DesignItemId=NPN New DesignItemId=8050-NPN
Change Component DesignItemId : Designator=Q6 Old DesignItemId=NPN New DesignItemId=8050-NPN
Change Component DesignItemId : Designator=Q7 Old DesignItemId=NPN New DesignItemId=8050-NPN
Change Component DesignItemId : Designator=Q8 Old DesignItemId=NPN New DesignItemId=8050-NPN
Change Component Footprint: Designator=Q1 Old Footprint=TO92A New Footprint=SOT-23
Change Component Footprint: Designator=Q2 Old Footprint=TO92A New Footprint=SOT-23
Change Component Footprint: Designator=Q3 Old Footprint=TO92A New Footprint=SOT-23
Change Component Footprint: Designator=Q4 Old Footprint=TO92A New Footprint=SOT-23
Change Component Footprint: Designator=Q5 Old Footprint=TO92A New Footprint=SOT-23
Change Component Footprint: Designator=Q6 Old Footprint=TO92A New Footprint=SOT-23
Change Component Footprint: Designator=Q7 Old Footprint=TO92A New Footprint=SOT-23
Change Component Footprint: Designator=Q8 Old Footprint=TO92A New Footprint=SOT-23
Change Component Comment : Designator=Q1 Old Comment=NPN New Comment=8050
Change Component Comment : Designator=Q2 Old Comment=NPN New Comment=8050
Change Component Comment : Designator=Q3 Old Comment=NPN New Comment=8050
Change Component Comment : Designator=Q4 Old Comment=NPN New Comment=8050
Change Component Comment : Designator=Q5 Old Comment=NPN New Comment=8050
Change Component Comment : Designator=Q6 Old Comment=NPN New Comment=8050
Change Component Comment : Designator=Q7 Old Comment=NPN New Comment=8050
Change Component Comment : Designator=Q8 Old Comment=NPN New Comment=8050
Added Pin To Net: NetName=GND Pin=Q1-2
Added Pin To Net: NetName=GND Pin=Q2-2
Added Pin To Net: NetName=GND Pin=Q3-2
Added Pin To Net: NetName=GND Pin=Q4-2
Added Pin To Net: NetName=GND Pin=Q5-2
Added Pin To Net: NetName=GND Pin=Q6-2
Added Pin To Net: NetName=GND Pin=Q7-2
Added Pin To Net: NetName=GND Pin=Q8-2
Added Pin To Net: NetName=NetQ1_1 Pin=Q1-1
Added Pin To Net: NetName=NetQ1_1 Pin=R12-2
Added Net: Name=NetQ1_1
Added Pin To Net: NetName=NetQ2_1 Pin=Q2-1
Added Pin To Net: NetName=NetQ2_1 Pin=R16-2
Added Net: Name=NetQ2_1
Added Pin To Net: NetName=NetQ3_1 Pin=Q3-1
Added Pin To Net: NetName=NetQ3_1 Pin=R20-2
Added Net: Name=NetQ3_1
Added Pin To Net: NetName=NetQ4_1 Pin=Q4-1
Added Pin To Net: NetName=NetQ4_1 Pin=R24-2
Added Net: Name=NetQ4_1
Added Pin To Net: NetName=NetQ5_1 Pin=Q5-1
Added Pin To Net: NetName=NetQ5_1 Pin=R28-2
Added Net: Name=NetQ5_1
Added Pin To Net: NetName=NetQ6_1 Pin=Q6-1
Added Pin To Net: NetName=NetQ6_1 Pin=R32-2
Added Net: Name=NetQ6_1
Added Pin To Net: NetName=NetQ7_1 Pin=Q7-1
Added Pin To Net: NetName=NetQ7_1 Pin=R36-2
Added Net: Name=NetQ7_1
Added Pin To Net: NetName=NetQ8_1 Pin=Q8-1
Added Pin To Net: NetName=NetQ8_1 Pin=R40-2
Added Net: Name=NetQ8_1
Added Room: Name=Sheet1
